TN:
SF:app.js
FN:40,oo_cm
FN:40,oo_oo
FN:40,oo_tr
FN:40,oo_ts
FN:40,oo_te
FNF:5
FNH:0
FNDA:0,oo_cm
FNDA:0,oo_oo
FNDA:0,oo_tr
FNDA:0,oo_ts
FNDA:0,oo_te
DA:1,1
DA:2,1
DA:3,1
DA:4,1
DA:5,1
DA:6,1
DA:7,1
DA:8,1
DA:9,1
DA:10,1
DA:11,1
DA:12,1
DA:13,1
DA:14,1
DA:15,1
DA:16,1
DA:17,1
DA:18,1
DA:19,1
DA:20,1
DA:21,1
DA:22,1
DA:23,1
DA:24,1
DA:25,1
DA:26,1
DA:27,1
DA:28,0
DA:29,0
DA:30,0
DA:31,0
DA:32,1
DA:33,1
DA:34,1
DA:35,1
DA:36,1
DA:37,1
DA:38,1
DA:39,1
DA:40,1
LF:40
LH:36
BRDA:27,0,0,0
BRDA:11,1,0,1
BRDA:17,2,0,1
BRDA:22,3,0,1
BRF:4
BRH:3
end_of_record
TN:
SF:index.js
FN:1,aplicarDesconto
FN:6,calcularIdade
FN:20,verificarMaiorDeIdade
FN:31,oo_cm
FN:31,oo_oo
FN:31,oo_tr
FN:31,oo_ts
FN:31,oo_te
FNF:8
FNH:5
FNDA:3,aplicarDesconto
FNDA:1,calcularIdade
FNDA:1,verificarMaiorDeIdade
FNDA:4,oo_cm
FNDA:4,oo_oo
FNDA:0,oo_tr
FNDA:0,oo_ts
FNDA:0,oo_te
DA:1,3
DA:2,3
DA:3,2
DA:4,2
DA:5,1
DA:6,1
DA:7,1
DA:8,1
DA:9,1
DA:10,1
DA:11,1
DA:12,1
DA:13,1
DA:14,1
DA:15,1
DA:16,1
DA:17,1
DA:18,1
DA:19,1
DA:20,1
DA:21,1
DA:22,1
DA:23,1
DA:24,1
DA:25,1
DA:26,1
DA:27,1
DA:28,1
DA:29,1
DA:30,1
DA:31,1
LF:31
LH:31
BRDA:1,0,0,3
BRDA:2,1,0,2
BRDA:2,2,0,1
BRDA:6,3,0,1
BRDA:20,4,0,1
BRDA:31,5,0,4
BRDA:31,6,0,1
BRDA:31,7,0,0
BRDA:31,8,0,4
BRDA:31,9,0,0
BRF:10
BRH:8
end_of_record
